<?xml version="1.0" encoding="UTF-8"?>
<testsuites name="Prism_Master Configuration" time="0.0" tests="0" failures="0" skips="0" errors="0">
   <testsuite name="Prism_Master Configuration" tests="0" failures="0" errors="0" time="0.0" skips="0" timestamp="2021-01-19 01:12:01" hostname="User - foysal-LPTP" id="Test Suites/Prism_Master Configuration">
      <properties>
         <property name="deviceName" value=""/>
         <property name="devicePlatform" value=""/>
         <property name="logFolder" value="D:\\Katalon Studio\\PrismWebStory\\Reports\\20210119_011150\\Prism_Master Configuration\\20210119_011150"/>
         <property name="logFiles" value="D:\\Katalon Studio\\PrismWebStory\\Reports\\20210119_011150\\Prism_Master Configuration\\20210119_011150\\execution0.log"/>
         <property name="attachments" value=""/>
         <property name="hostName" value="User - foysal-LPTP"/>
         <property name="hostAddress" value="192.168.6.153"/>
         <property name="os" value="Windows 10 64bit"/>
         <property name="katalonVersion" value="7.8.0.208"/>
      </properties>
      <system-out><![CDATA[2021-01-19 01:12:01 - [TEST_SUITE][INCOMPLETE] - Prism_Master Configuration: null]]></system-out>
      <system-err><![CDATA[2021-01-19 01:12:01 - [TEST_SUITE][INCOMPLETE] - Prism_Master Configuration: null]]></system-err>
   </testsuite>
</testsuites>
